Wayki/app/app/build/intermediates/manifest_merge_blame_file/debug/manifest-merger-blame-debug-report.txt
1<?xml version="1.0" encoding="utf-8"?>
2<manifest xmlns:android="http://schemas.android.com/apk/res/android"
3    package="com.example.waykisafev1"
4    android:versionCode="1"
5    android:versionName="1.0" >
6
7    <uses-sdk
8        android:minSdkVersion="24"
9        android:targetSdkVersion="34" />
10
11    <uses-permission android:name="android.permission.INTERNET" />
11-->src\main\AndroidManifest.xml:5:5-67
11-->src\main\AndroidManifest.xml:5:22-64
12    <uses-permission android:name="android.permission.ACCESS_FINE_LOCATION" />
12-->src\main\AndroidManifest.xml:6:5-79
12-->src\main\AndroidManifest.xml:6:22-76
13    <uses-permission android:name="android.permission.ACCESS_COARSE_LOCATION" />
13-->src\main\AndroidManifest.xml:7:5-81
13-->src\main\AndroidManifest.xml:7:22-78
14    <uses-permission android:name="android.permission.ACCESS_NETWORK_STATE" />
14-->[com.google.firebase:firebase-auth:22.3.1] AndroidManifest.xml:26:5-79
14-->[com.google.firebase:firebase-auth:22.3.1] AndroidManifest.xml:26:22-76
15
16    <uses-feature
16-->[com.google.android.gms:play-services-maps:18.2.0] AndroidManifest.xml:26:5-28:35
17        android:glEsVersion="0x00020000"
17-->[com.google.android.gms:play-services-maps:18.2.0] AndroidManifest.xml:27:9-41
18        android:required="true" />
18-->[com.google.android.gms:play-services-maps:18.2.0] AndroidManifest.xml:28:9-32
19
20    <queries>
20-->[com.google.android.gms:play-services-maps:18.2.0] AndroidManifest.xml:30:5-34:15
21
22        <!-- Needs to be explicitly declared on Android R+ -->
23        <package android:name="com.google.android.apps.maps" />
23-->[com.google.android.gms:play-services-maps:18.2.0] AndroidManifest.xml:33:9-64
23-->[com.google.android.gms:play-services-maps:18.2.0] AndroidManifest.xml:33:18-61
24    </queries>
25
26    <uses-permission android:name="com.google.android.providers.gsf.permission.READ_GSERVICES" />
26-->[com.google.android.recaptcha:recaptcha:18.4.0] AndroidManifest.xml:9:5-98
26-->[com.google.android.recaptcha:recaptcha:18.4.0] AndroidManifest.xml:9:22-95
27
28    <permission
28-->[androidx.core:core:1.13.0] AndroidManifest.xml:22:5-24:47
29        android:name="com.example.waykisafev1.DYNAMIC_RECEIVER_NOT_EXPORTED_PERMISSION"
29-->[androidx.core:core:1.13.0] AndroidManifest.xml:23:9-81
30        android:protectionLevel="signature" />
30-->[androidx.core:core:1.13.0] AndroidManifest.xml:24:9-44
31
32    <uses-permission android:name="com.example.waykisafev1.DYNAMIC_RECEIVER_NOT_EXPORTED_PERMISSION" />
32-->[androidx.core:core:1.13.0] AndroidManifest.xml:26:5-97
32-->[androidx.core:core:1.13.0] AndroidManifest.xml:26:22-94
33
34    <application
34-->src\main\AndroidManifest.xml:9:5-46:19
35        android:allowBackup="true"
35-->src\main\AndroidManifest.xml:10:9-35
36        android:appComponentFactory="androidx.core.app.CoreComponentFactory"
36-->[androidx.core:core:1.13.0] AndroidManifest.xml:28:18-86
37        android:debuggable="true"
38        android:extractNativeLibs="false"
39        android:icon="@mipmap/ic_launcher"
39-->src\main\AndroidManifest.xml:11:9-43
40        android:label="@string/app_name"
40-->src\main\AndroidManifest.xml:12:9-41
41        android:supportsRtl="true"
41-->src\main\AndroidManifest.xml:13:9-35
42        android:testOnly="true"
43        android:theme="@style/Theme.WaykiSafev1" >
43-->src\main\AndroidManifest.xml:14:9-49
44        <activity
44-->src\main\AndroidManifest.xml:16:9-18:40
45            android:name="com.example.waykisafev1.Alerta"
45-->src\main\AndroidManifest.xml:17:13-58
46            android:exported="false" />
46-->src\main\AndroidManifest.xml:18:13-37
47
48        <meta-data
48-->src\main\AndroidManifest.xml:20:9-22:71
49            android:name="com.google.android.geo.API_KEY"
49-->src\main\AndroidManifest.xml:21:13-58
50            android:value="AIzaSyCw7enBn_d3YPPKRm85pkcQE4rS7YM-lvc" />
50-->src\main\AndroidManifest.xml:22:13-68
51
52        <activity
52-->src\main\AndroidManifest.xml:24:9-26:40
53            android:name="com.example.waykisafev1.MapsActivity"
53-->src\main\AndroidManifest.xml:25:13-64
54            android:exported="false" />
54-->src\main\AndroidManifest.xml:26:13-37
55        <activity
55-->src\main\AndroidManifest.xml:28:9-30:40
56            android:name="com.example.waykisafev1.Bienvenido"
56-->src\main\AndroidManifest.xml:29:13-62
57            android:exported="false" />
57-->src\main\AndroidManifest.xml:30:13-37
58        <activity
58-->src\main\AndroidManifest.xml:32:9-35:56
59            android:name="com.example.waykisafev1.Registro"
59-->src\main\AndroidManifest.xml:33:13-60
60            android:exported="false"
60-->src\main\AndroidManifest.xml:34:13-37
61            android:theme="@style/Theme.WaykiSafev1" />
61-->src\main\AndroidManifest.xml:35:13-53
62        <activity
62-->src\main\AndroidManifest.xml:37:9-44:20
63            android:name="com.example.waykisafev1.MainActivity"
63-->src\main\AndroidManifest.xml:38:13-64
64            android:exported="true" >
64-->src\main\AndroidManifest.xml:39:13-36
65            <intent-filter>
65-->src\main\AndroidManifest.xml:40:13-43:29
66                <action android:name="android.intent.action.MAIN" />
66-->src\main\AndroidManifest.xml:41:17-69
66-->src\main\AndroidManifest.xml:41:25-66
67
68                <category android:name="android.intent.category.LAUNCHER" />
68-->src\main\AndroidManifest.xml:42:17-77
68-->src\main\AndroidManifest.xml:42:27-74
69            </intent-filter>
70        </activity>
71        <activity
71-->[com.google.firebase:firebase-auth:22.3.1] AndroidManifest.xml:29:9-46:20
72            android:name="com.google.firebase.auth.internal.GenericIdpActivity"
72-->[com.google.firebase:firebase-auth:22.3.1] AndroidManifest.xml:30:13-80
73            android:excludeFromRecents="true"
73-->[com.google.firebase:firebase-auth:22.3.1] AndroidManifest.xml:31:13-46
74            android:exported="true"
74-->[com.google.firebase:firebase-auth:22.3.1] AndroidManifest.xml:32:13-36
75            android:launchMode="singleTask"
75-->[com.google.firebase:firebase-auth:22.3.1] AndroidManifest.xml:33:13-44
76            android:theme="@android:style/Theme.Translucent.NoTitleBar" >
76-->[com.google.firebase:firebase-auth:22.3.1] AndroidManifest.xml:34:13-72
77            <intent-filter>
77-->[com.google.firebase:firebase-auth:22.3.1] AndroidManifest.xml:35:13-45:29
78                <action android:name="android.intent.action.VIEW" />
78-->[com.google.firebase:firebase-auth:22.3.1] AndroidManifest.xml:36:17-69
78-->[com.google.firebase:firebase-auth:22.3.1] AndroidManifest.xml:36:25-66
79
80                <category android:name="android.intent.category.DEFAULT" />
80-->[com.google.firebase:firebase-auth:22.3.1] AndroidManifest.xml:38:17-76
80-->[com.google.firebase:firebase-auth:22.3.1] AndroidManifest.xml:38:27-73
81                <category android:name="android.intent.category.BROWSABLE" />
81-->[com.google.firebase:firebase-auth:22.3.1] AndroidManifest.xml:39:17-78
81-->[com.google.firebase:firebase-auth:22.3.1] AndroidManifest.xml:39:27-75
82
83                <data
83-->[com.google.firebase:firebase-auth:22.3.1] AndroidManifest.xml:41:17-44:51
84                    android:host="firebase.auth"
84-->[com.google.firebase:firebase-auth:22.3.1] AndroidManifest.xml:42:21-49
85                    android:path="/"
85-->[com.google.firebase:firebase-auth:22.3.1] AndroidManifest.xml:43:21-37
86                    android:scheme="genericidp" />
86-->[com.google.firebase:firebase-auth:22.3.1] AndroidManifest.xml:44:21-48
87            </intent-filter>
88        </activity>
89        <activity
89-->[com.google.firebase:firebase-auth:22.3.1] AndroidManifest.xml:47:9-64:20
90            android:name="com.google.firebase.auth.internal.RecaptchaActivity"
90-->[com.google.firebase:firebase-auth:22.3.1] AndroidManifest.xml:48:13-79
91            android:excludeFromRecents="true"
91-->[com.google.firebase:firebase-auth:22.3.1] AndroidManifest.xml:49:13-46
92            android:exported="true"
92-->[com.google.firebase:firebase-auth:22.3.1] AndroidManifest.xml:50:13-36
93            android:launchMode="singleTask"
93-->[com.google.firebase:firebase-auth:22.3.1] AndroidManifest.xml:51:13-44
94            android:theme="@android:style/Theme.Translucent.NoTitleBar" >
94-->[com.google.firebase:firebase-auth:22.3.1] AndroidManifest.xml:52:13-72
95            <intent-filter>
95-->[com.google.firebase:firebase-auth:22.3.1] AndroidManifest.xml:53:13-63:29
96                <action android:name="android.intent.action.VIEW" />
96-->[com.google.firebase:firebase-auth:22.3.1] AndroidManifest.xml:36:17-69
96-->[com.google.firebase:firebase-auth:22.3.1] AndroidManifest.xml:36:25-66
97
98                <category android:name="android.intent.category.DEFAULT" />
98-->[com.google.firebase:firebase-auth:22.3.1] AndroidManifest.xml:38:17-76
98-->[com.google.firebase:firebase-auth:22.3.1] AndroidManifest.xml:38:27-73
99                <category android:name="android.intent.category.BROWSABLE" />
99-->[com.google.firebase:firebase-auth:22.3.1] AndroidManifest.xml:39:17-78
99-->[com.google.firebase:firebase-auth:22.3.1] AndroidManifest.xml:39:27-75
100
101                <data
101-->[com.google.firebase:firebase-auth:22.3.1] AndroidManifest.xml:41:17-44:51
102                    android:host="firebase.auth"
102-->[com.google.firebase:firebase-auth:22.3.1] AndroidManifest.xml:42:21-49
103                    android:path="/"
103-->[com.google.firebase:firebase-auth:22.3.1] AndroidManifest.xml:43:21-37
104                    android:scheme="recaptcha" />
104-->[com.google.firebase:firebase-auth:22.3.1] AndroidManifest.xml:44:21-48
105            </intent-filter>
106        </activity>
107
108        <service
108-->[com.google.firebase:firebase-auth:22.3.1] AndroidManifest.xml:66:9-72:19
109            android:name="com.google.firebase.components.ComponentDiscoveryService"
109-->[com.google.firebase:firebase-auth:22.3.1] AndroidManifest.xml:67:13-84
110            android:directBootAware="true"
110-->[com.google.firebase:firebase-common:20.4.2] AndroidManifest.xml:32:13-43
111            android:exported="false" >
111-->[com.google.firebase:firebase-auth:22.3.1] AndroidManifest.xml:68:13-37
112            <meta-data
112-->[com.google.firebase:firebase-auth:22.3.1] AndroidManifest.xml:69:13-71:85
113                android:name="com.google.firebase.components:com.google.firebase.auth.FirebaseAuthRegistrar"
113-->[com.google.firebase:firebase-auth:22.3.1] AndroidManifest.xml:70:17-109
114                android:value="com.google.firebase.components.ComponentRegistrar" />
114-->[com.google.firebase:firebase-auth:22.3.1] AndroidManifest.xml:71:17-82
115            <meta-data
115-->[com.google.firebase:firebase-firestore:24.10.3] AndroidManifest.xml:17:13-19:85
116                android:name="com.google.firebase.components:com.google.firebase.firestore.FirebaseFirestoreKtxRegistrar"
116-->[com.google.firebase:firebase-firestore:24.10.3] AndroidManifest.xml:18:17-122
117                android:value="com.google.firebase.components.ComponentRegistrar" />
117-->[com.google.firebase:firebase-firestore:24.10.3] AndroidManifest.xml:19:17-82
118            <meta-data
118-->[com.google.firebase:firebase-firestore:24.10.3] AndroidManifest.xml:20:13-22:85
119                android:name="com.google.firebase.components:com.google.firebase.firestore.FirestoreRegistrar"
119-->[com.google.firebase:firebase-firestore:24.10.3] AndroidManifest.xml:21:17-111
120                android:value="com.google.firebase.components.ComponentRegistrar" />
120-->[com.google.firebase:firebase-firestore:24.10.3] AndroidManifest.xml:22:17-82
121            <meta-data
121-->[com.google.firebase:firebase-database:20.3.1] AndroidManifest.xml:29:13-31:85
122                android:name="com.google.firebase.components:com.google.firebase.database.FirebaseDatabaseKtxRegistrar"
122-->[com.google.firebase:firebase-database:20.3.1] AndroidManifest.xml:30:17-120
123                android:value="com.google.firebase.components.ComponentRegistrar" />
123-->[com.google.firebase:firebase-database:20.3.1] AndroidManifest.xml:31:17-82
124            <meta-data
124-->[com.google.firebase:firebase-database:20.3.1] AndroidManifest.xml:32:13-34:85
125                android:name="com.google.firebase.components:com.google.firebase.database.DatabaseRegistrar"
125-->[com.google.firebase:firebase-database:20.3.1] AndroidManifest.xml:33:17-109
126                android:value="com.google.firebase.components.ComponentRegistrar" />
126-->[com.google.firebase:firebase-database:20.3.1] AndroidManifest.xml:34:17-82
127            <meta-data
127-->[com.google.firebase:firebase-common-ktx:20.4.2] AndroidManifest.xml:12:13-14:85
128                android:name="com.google.firebase.components:com.google.firebase.ktx.FirebaseCommonLegacyRegistrar"
128-->[com.google.firebase:firebase-common-ktx:20.4.2] AndroidManifest.xml:13:17-116
129                android:value="com.google.firebase.components.ComponentRegistrar" />
129-->[com.google.firebase:firebase-common-ktx:20.4.2] AndroidManifest.xml:14:17-82
130            <meta-data
130-->[com.google.firebase:firebase-common:20.4.2] AndroidManifest.xml:35:13-37:85
131                android:name="com.google.firebase.components:com.google.firebase.FirebaseCommonKtxRegistrar"
131-->[com.google.firebase:firebase-common:20.4.2] AndroidManifest.xml:36:17-109
132                android:value="com.google.firebase.components.ComponentRegistrar" />
132-->[com.google.firebase:firebase-common:20.4.2] AndroidManifest.xml:37:17-82
133        </service>
134
135        <activity
135-->[com.google.android.gms:play-services-auth:21.0.0] AndroidManifest.xml:23:9-27:75
136            android:name="com.google.android.gms.auth.api.signin.internal.SignInHubActivity"
136-->[com.google.android.gms:play-services-auth:21.0.0] AndroidManifest.xml:24:13-93
137            android:excludeFromRecents="true"
137-->[com.google.android.gms:play-services-auth:21.0.0] AndroidManifest.xml:25:13-46
138            android:exported="false"
138-->[com.google.android.gms:play-services-auth:21.0.0] AndroidManifest.xml:26:13-37
139            android:theme="@android:style/Theme.Translucent.NoTitleBar" />
139-->[com.google.android.gms:play-services-auth:21.0.0] AndroidManifest.xml:27:13-72
140        <!--
141            Service handling Google Sign-In user revocation. For apps that do not integrate with
142            Google Sign-In, this service will never be started.
143        -->
144        <service
144-->[com.google.android.gms:play-services-auth:21.0.0] AndroidManifest.xml:33:9-37:51
145            android:name="com.google.android.gms.auth.api.signin.RevocationBoundService"
145-->[com.google.android.gms:play-services-auth:21.0.0] AndroidManifest.xml:34:13-89
146            android:exported="true"
146-->[com.google.android.gms:play-services-auth:21.0.0] AndroidManifest.xml:35:13-36
147            android:permission="com.google.android.gms.auth.api.signin.permission.REVOCATION_NOTIFICATION"
147-->[com.google.android.gms:play-services-auth:21.0.0] AndroidManifest.xml:36:13-107
148            android:visibleToInstantApps="true" /> <!-- Needs to be explicitly declared on P+ -->
148-->[com.google.android.gms:play-services-auth:21.0.0] AndroidManifest.xml:37:13-48
149        <uses-library
149-->[com.google.android.gms:play-services-maps:18.2.0] AndroidManifest.xml:39:9-41:40
150            android:name="org.apache.http.legacy"
150-->[com.google.android.gms:play-services-maps:18.2.0] AndroidManifest.xml:40:13-50
151            android:required="false" />
151-->[com.google.android.gms:play-services-maps:18.2.0] AndroidManifest.xml:41:13-37
152
153        <activity
153-->[com.google.android.gms:play-services-base:18.1.0] AndroidManifest.xml:20:9-22:45
154            android:name="com.google.android.gms.common.api.GoogleApiActivity"
154-->[com.google.android.gms:play-services-base:18.1.0] AndroidManifest.xml:20:19-85
155            android:exported="false"
155-->[com.google.android.gms:play-services-base:18.1.0] AndroidManifest.xml:22:19-43
156            android:theme="@android:style/Theme.Translucent.NoTitleBar" />
156-->[com.google.android.gms:play-services-base:18.1.0] AndroidManifest.xml:21:19-78
157
158        <provider
158-->[com.google.firebase:firebase-common:20.4.2] AndroidManifest.xml:23:9-28:39
159            android:name="com.google.firebase.provider.FirebaseInitProvider"
159-->[com.google.firebase:firebase-common:20.4.2] AndroidManifest.xml:24:13-77
160            android:authorities="com.example.waykisafev1.firebaseinitprovider"
160-->[com.google.firebase:firebase-common:20.4.2] AndroidManifest.xml:25:13-72
161            android:directBootAware="true"
161-->[com.google.firebase:firebase-common:20.4.2] AndroidManifest.xml:26:13-43
162            android:exported="false"
162-->[com.google.firebase:firebase-common:20.4.2] AndroidManifest.xml:27:13-37
163            android:initOrder="100" />
163-->[com.google.firebase:firebase-common:20.4.2] AndroidManifest.xml:28:13-36
164        <provider
164-->[androidx.emoji2:emoji2:1.3.0] AndroidManifest.xml:24:9-32:20
165            android:name="androidx.startup.InitializationProvider"
165-->[androidx.emoji2:emoji2:1.3.0] AndroidManifest.xml:25:13-67
166            android:authorities="com.example.waykisafev1.androidx-startup"
166-->[androidx.emoji2:emoji2:1.3.0] AndroidManifest.xml:26:13-68
167            android:exported="false" >
167-->[androidx.emoji2:emoji2:1.3.0] AndroidManifest.xml:27:13-37
168            <meta-data
168-->[androidx.emoji2:emoji2:1.3.0] AndroidManifest.xml:29:13-31:52
169                android:name="androidx.emoji2.text.EmojiCompatInitializer"
169-->[androidx.emoji2:emoji2:1.3.0] AndroidManifest.xml:30:17-75
170                android:value="androidx.startup" />
170-->[androidx.emoji2:emoji2:1.3.0] AndroidManifest.xml:31:17-49
171            <meta-data
171-->[androidx.lifecycle:lifecycle-process:2.6.2] AndroidManifest.xml:29:13-31:52
172                android:name="androidx.lifecycle.ProcessLifecycleInitializer"
172-->[androidx.lifecycle:lifecycle-process:2.6.2] AndroidManifest.xml:30:17-78
173                android:value="androidx.startup" />
173-->[androidx.lifecycle:lifecycle-process:2.6.2] AndroidManifest.xml:31:17-49
174            <meta-data
174-->[androidx.profileinstaller:profileinstaller:1.3.1] AndroidManifest.xml:29:13-31:52
175                android:name="androidx.profileinstaller.ProfileInstallerInitializer"
175-->[androidx.profileinstaller:profileinstaller:1.3.1] AndroidManifest.xml:30:17-85
176                android:value="androidx.startup" />
176-->[androidx.profileinstaller:profileinstaller:1.3.1] AndroidManifest.xml:31:17-49
177        </provider>
178
179        <uses-library
179-->[androidx.window:window:1.0.0] AndroidManifest.xml:25:9-27:40
180            android:name="androidx.window.extensions"
180-->[androidx.window:window:1.0.0] AndroidManifest.xml:26:13-54
181            android:required="false" />
181-->[androidx.window:window:1.0.0] AndroidManifest.xml:27:13-37
182        <uses-library
182-->[androidx.window:window:1.0.0] AndroidManifest.xml:28:9-30:40
183            android:name="androidx.window.sidecar"
183-->[androidx.window:window:1.0.0] AndroidManifest.xml:29:13-51
184            android:required="false" />
184-->[androidx.window:window:1.0.0] AndroidManifest.xml:30:13-37
185
186        <meta-data
186-->[com.google.android.gms:play-services-basement:18.3.0] AndroidManifest.xml:21:9-23:69
187            android:name="com.google.android.gms.version"
187-->[com.google.android.gms:play-services-basement:18.3.0] AndroidManifest.xml:22:13-58
188            android:value="@integer/google_play_services_version" />
188-->[com.google.android.gms:play-services-basement:18.3.0] AndroidManifest.xml:23:13-66
189
190        <receiver
190-->[androidx.profileinstaller:profileinstaller:1.3.1] AndroidManifest.xml:34:9-52:20
191            android:name="androidx.profileinstaller.ProfileInstallReceiver"
191-->[androidx.profileinstaller:profileinstaller:1.3.1] AndroidManifest.xml:35:13-76
192            android:directBootAware="false"
192-->[androidx.profileinstaller:profileinstaller:1.3.1] AndroidManifest.xml:36:13-44
193            android:enabled="true"
193-->[androidx.profileinstaller:profileinstaller:1.3.1] AndroidManifest.xml:37:13-35
194            android:exported="true"
194-->[androidx.profileinstaller:profileinstaller:1.3.1] AndroidManifest.xml:38:13-36
195            android:permission="android.permission.DUMP" >
195-->[androidx.profileinstaller:profileinstaller:1.3.1] AndroidManifest.xml:39:13-57
196            <intent-filter>
196-->[androidx.profileinstaller:profileinstaller:1.3.1] AndroidManifest.xml:40:13-42:29
197                <action android:name="androidx.profileinstaller.action.INSTALL_PROFILE" />
197-->[androidx.profileinstaller:profileinstaller:1.3.1] AndroidManifest.xml:41:17-91
197-->[androidx.profileinstaller:profileinstaller:1.3.1] AndroidManifest.xml:41:25-88
198            </intent-filter>
199            <intent-filter>
199-->[androidx.profileinstaller:profileinstaller:1.3.1] AndroidManifest.xml:43:13-45:29
200                <action android:name="androidx.profileinstaller.action.SKIP_FILE" />
200-->[androidx.profileinstaller:profileinstaller:1.3.1] AndroidManifest.xml:44:17-85
200-->[androidx.profileinstaller:profileinstaller:1.3.1] AndroidManifest.xml:44:25-82
201            </intent-filter>
202            <intent-filter>
202-->[androidx.profileinstaller:profileinstaller:1.3.1] AndroidManifest.xml:46:13-48:29
203                <action android:name="androidx.profileinstaller.action.SAVE_PROFILE" />
203-->[androidx.profileinstaller:profileinstaller:1.3.1] AndroidManifest.xml:47:17-88
203-->[androidx.profileinstaller:profileinstaller:1.3.1] AndroidManifest.xml:47:25-85
204            </intent-filter>
205            <intent-filter>
205-->[androidx.profileinstaller:profileinstaller:1.3.1] AndroidManifest.xml:49:13-51:29
206                <action android:name="androidx.profileinstaller.action.BENCHMARK_OPERATION" />
206-->[androidx.profileinstaller:profileinstaller:1.3.1] AndroidManifest.xml:50:17-95
206-->[androidx.profileinstaller:profileinstaller:1.3.1] AndroidManifest.xml:50:25-92
207            </intent-filter>
208        </receiver>
209    </application>
210
211</manifest>